<?xml version="1.0" encoding="UTF-8"?>
<testsuite xmlns:xsi="http://www.w3.org/2001/XMLSchema-instance" xsi:noNamespaceSchemaLocation="https://maven.apache.org/surefire/maven-surefire-plugin/xsd/surefire-test-report-3.0.xsd" version="3.0" name="com.example.airline.AirlineManagementSystemApplicationTests" time="6.733" tests="1" errors="0" skipped="0" failures="0">
  <properties>
[...]
</properties>
  <testcase name="contextLoads" classname="com.example.airline.AirlineManagementSystemApplicationTests" time="0.484">
    <system-out><![CDATA[16:37:47.234 [main] INFO org.springframework.test.context.support.AnnotationConfigContextLoaderUtils -- Could not detect default configuration classes for test class [com.example.airline.AirlineManagementSystemApplicationTests]: AirlineManagementSystemApplicationTests does not declare any static, non-private, non-final, nested classes annotated with @Configuration.
16:37:47.321 [main] INFO org.springframework.boot.test.context.SpringBootTestContextBootstrapper -- Found @SpringBootConfiguration com.example.airline.AirlineManagementSystemApplication for test class com.example.airline.AirlineManagementSystemApplicationTests

  .   ____          _            __ _ _
 /\\ / ___'_ __ _ _(_)_ __  __ _ \ \ \ \
( ( )\___ | '_ | '_| | '_ \/ _` | \ \ \ \
 \\/  ___)| |_)| | | | | || (_| |  ) ) ) )
  '  |____| .__|_| |_|_| |_\__, | / / / /
 =========|_|==============|___/=/_/_/_/
 :: Spring Boot ::                (v3.2.5)

2025-08-29T16:37:47.664-07:00  INFO 45564 --- [           main] .AirlineManagementSystemApplicationTests : Starting AirlineManagementSystemApplicationTests using Java 23.0.2 with PID 45564 (started by nmb25 in C:\Airline-Management-System\spring-boot-app)
2025-08-29T16:37:47.664-07:00  INFO 45564 --- [           main] .AirlineManagementSystemApplicationTests : No active profile set, falling back to 1 default profile: "default"
2025-08-29T16:37:48.273-07:00  INFO 45564 --- [           main] .s.d.r.c.RepositoryConfigurationDelegate : Bootstrapping Spring Data JPA repositories in DEFAULT mode.
2025-08-29T16:37:48.335-07:00  INFO 45564 --- [           main] .s.d.r.c.RepositoryConfigurationDelegate : Finished Spring Data repository scanning in 54 ms. Found 10 JPA repository interfaces.
2025-08-29T16:37:48.869-07:00  INFO 45564 --- [           main] com.zaxxer.hikari.HikariDataSource       : HikariPool-1 - Starting...
2025-08-29T16:37:49.214-07:00  INFO 45564 --- [           main] com.zaxxer.hikari.pool.HikariPool        : HikariPool-1 - Added connection com.mysql.cj.jdbc.ConnectionImpl@16f7f59f
2025-08-29T16:37:49.216-07:00  INFO 45564 --- [           main] com.zaxxer.hikari.HikariDataSource       : HikariPool-1 - Start completed.
2025-08-29T16:37:49.313-07:00  INFO 45564 --- [           main] o.f.c.internal.license.VersionPrinter    : Flyway Community Edition 9.22.3 by Redgate
2025-08-29T16:37:49.315-07:00  INFO 45564 --- [           main] o.f.c.internal.license.VersionPrinter    : See release notes here: https://rd.gt/416ObMi
2025-08-29T16:37:49.315-07:00  INFO 45564 --- [           main] o.f.c.internal.license.VersionPrinter    : 
2025-08-29T16:37:49.335-07:00  INFO 45564 --- [           main] org.flywaydb.core.FlywayExecutor         : Database: jdbc:mysql://localhost:3306/travel_booking_system (MySQL 8.0)
2025-08-29T16:37:49.388-07:00  INFO 45564 --- [           main] o.f.core.internal.command.DbValidate     : Successfully validated 5 migrations (execution time 00:00.027s)
2025-08-29T16:37:49.402-07:00  INFO 45564 --- [           main] o.f.core.internal.command.DbMigrate      : Current version of schema `travel_booking_system`: 005
2025-08-29T16:37:49.408-07:00  INFO 45564 --- [           main] o.f.core.internal.command.DbMigrate      : Schema `travel_booking_system` is up to date. No migration necessary.
2025-08-29T16:37:49.527-07:00  INFO 45564 --- [           main] o.hibernate.jpa.internal.util.LogHelper  : HHH000204: Processing PersistenceUnitInfo [name: default]
2025-08-29T16:37:49.720-07:00  INFO 45564 --- [           main] org.hibernate.Version                    : HHH000412: Hibernate ORM core version 6.4.4.Final
2025-08-29T16:37:49.785-07:00  INFO 45564 --- [           main] o.h.c.internal.RegionFactoryInitiator    : HHH000026: Second-level cache disabled
2025-08-29T16:37:50.000-07:00  INFO 45564 --- [           main] o.s.o.j.p.SpringPersistenceUnitInfo      : No LoadTimeWeaver setup: ignoring JPA class transformer
2025-08-29T16:37:50.054-07:00  WARN 45564 --- [           main] org.hibernate.orm.deprecation            : HHH90000025: MySQLDialect does not need to be specified explicitly using 'hibernate.dialect' (remove the property setting and it will be selected by default)
2025-08-29T16:37:51.085-07:00  INFO 45564 --- [           main] o.h.e.t.j.p.i.JtaPlatformInitiator       : HHH000489: No JTA platform available (set 'hibernate.transaction.jta.platform' to enable JTA platform integration)
2025-08-29T16:37:51.087-07:00  INFO 45564 --- [           main] j.LocalContainerEntityManagerFactoryBean : Initialized JPA EntityManagerFactory for persistence unit 'default'
2025-08-29T16:37:51.400-07:00  INFO 45564 --- [           main] o.s.d.j.r.query.QueryEnhancerFactory     : Hibernate is in classpath; If applicable, HQL parser will be used.
2025-08-29T16:37:52.297-07:00  WARN 45564 --- [           main] JpaBaseConfiguration$JpaWebConfiguration : spring.jpa.open-in-view is enabled by default. Therefore, database queries may be performed during view rendering. Explicitly configure spring.jpa.open-in-view to disable this warning
2025-08-29T16:37:52.392-07:00  INFO 45564 --- [           main] o.s.b.a.w.s.WelcomePageHandlerMapping    : Adding welcome page template: index
2025-08-29T16:37:52.620-07:00  INFO 45564 --- [           main] o.s.s.web.DefaultSecurityFilterChain     : Will secure any request with [org.springframework.security.web.session.DisableEncodeUrlFilter@15402cf4, org.springframework.security.web.context.request.async.WebAsyncManagerIntegrationFilter@2cd2fdd8, org.springframework.security.web.context.SecurityContextHolderFilter@162807e5, org.springframework.security.web.header.HeaderWriterFilter@7adde112, org.springframework.web.filter.CorsFilter@7018c94, org.springframework.security.web.authentication.logout.LogoutFilter@12d432ea, com.example.airline.security.JwtAuthenticationFilter@2b75b77d, org.springframework.security.web.savedrequest.RequestCacheAwareFilter@1161786f, org.springframework.security.web.servletapi.SecurityContextHolderAwareRequestFilter@101d4a4e, org.springframework.security.web.authentication.AnonymousAuthenticationFilter@26e42464, org.springframework.security.web.session.SessionManagementFilter@c9f9fe3, org.springframework.security.web.access.ExceptionTranslationFilter@65bcc339, org.springframework.security.web.access.intercept.AuthorizationFilter@7d68886c]
2025-08-29T16:37:53.326-07:00  INFO 45564 --- [           main] .AirlineManagementSystemApplicationTests : Started AirlineManagementSystemApplicationTests in 5.879 seconds (process running for 6.633)
]]></system-out>
    <system-err><![CDATA[WARNING: A Java agent has been loaded dynamically (C:\Users\nmb25\.m2\repository\net\bytebuddy\byte-buddy-agent\1.14.13\byte-buddy-agent-1.14.13.jar)
WARNING: If a serviceability tool is in use, please run with -XX:+EnableDynamicAgentLoading to hide this warning
WARNING: If a serviceability tool is not in use, please run with -Djdk.instrument.traceUsage for more information
WARNING: Dynamic loading of agents will be disallowed by default in a future release
]]></system-err>
  </testcase>
</testsuite>